#! /usr/bin/vvp
:ivl_version "11.0 (stable)";
:ivl_delay_selection "TYPICAL";
:vpi_time_precision + 0;
:vpi_module "/usr/lib/x86_64-linux-gnu/ivl/system.vpi";
:vpi_module "/usr/lib/x86_64-linux-gnu/ivl/vhdl_sys.vpi";
:vpi_module "/usr/lib/x86_64-linux-gnu/ivl/vhdl_textio.vpi";
:vpi_module "/usr/lib/x86_64-linux-gnu/ivl/v2005_math.vpi";
:vpi_module "/usr/lib/x86_64-linux-gnu/ivl/va_math.vpi";
S_0x5ecba17e86f0 .scope module, "tb_top" "tb_top" 2 3;
 .timescale 0 0;
v0x5ecba181c4f0_0 .var "SLAVE_SELECT", 0 0;
v0x5ecba181c5b0_0 .var "clk", 0 0;
v0x5ecba181c6c0_0 .var "datain_tb", 15 0;
v0x5ecba181c7b0_0 .var "reset", 0 0;
S_0x5ecba17e8880 .scope module, "uut" "top" 2 12, 3 6 0, S_0x5ecba17e86f0;
 .timescale 0 0;
    .port_info 0 /INPUT 1 "clk";
    .port_info 1 /INPUT 1 "reset";
    .port_info 2 /INPUT 1 "SLAVE_SELECT";
    .port_info 3 /INPUT 16 "dataintop";
v0x5ecba181bb30_0 .net "CS_SLAVE1", 0 0, v0x5ecba17d7970_0;  1 drivers
v0x5ecba181bc40_0 .net "CS_SLAVE2", 0 0, v0x5ecba17d85b0_0;  1 drivers
v0x5ecba181bd50_0 .net "MISO_MASTER", 15 0, L_0x5ecba181c8a0;  1 drivers
v0x5ecba181bdf0_0 .net "MISO_SLAVE1", 15 0, v0x5ecba181a950_0;  1 drivers
v0x5ecba181be90_0 .net "MISO_SLAVE2", 15 0, v0x5ecba181b3e0_0;  1 drivers
v0x5ecba181bf80_0 .net "MOSI", 15 0, v0x5ecba1819d40_0;  1 drivers
v0x5ecba181c020_0 .net "SCLK", 0 0, v0x5ecba1819e20_0;  1 drivers
v0x5ecba181c0c0_0 .net "SLAVE_SELECT", 0 0, v0x5ecba181c4f0_0;  1 drivers
v0x5ecba181c160_0 .net "clk", 0 0, v0x5ecba181c5b0_0;  1 drivers
v0x5ecba181c290_0 .net "count", 15 0, v0x5ecba181a190_0;  1 drivers
v0x5ecba181c330_0 .net "dataintop", 15 0, v0x5ecba181c6c0_0;  1 drivers
v0x5ecba181c3d0_0 .net "reset", 0 0, v0x5ecba181c7b0_0;  1 drivers
L_0x5ecba181c8a0 .functor MUXZ 16, v0x5ecba181b3e0_0, v0x5ecba181a950_0, v0x5ecba181c4f0_0, C4<>;
S_0x5ecba17edb30 .scope module, "master_inst" "master" 3 27, 4 1 0, S_0x5ecba17e8880;
 .timescale 0 0;
    .port_info 0 /INPUT 1 "clk";
    .port_info 1 /INPUT 1 "reset";
    .port_info 2 /INPUT 16 "MISO";
    .port_info 3 /INPUT 1 "SLAVE_SELECT";
    .port_info 4 /INPUT 16 "datain";
    .port_info 5 /OUTPUT 1 "CS_SLAVE1";
    .port_info 6 /OUTPUT 1 "CS_SLAVE2";
    .port_info 7 /OUTPUT 1 "SCLK";
    .port_info 8 /OUTPUT 16 "MOSI";
    .port_info 9 /OUTPUT 16 "count";
P_0x5ecba17a5c40 .param/l "cicloAbajoSlave1" 0 4 22, +C4<00000000000000000000000000000100>;
P_0x5ecba17a5c80 .param/l "cicloAbajoSlave2" 0 4 24, +C4<00000000000000000000000000000110>;
P_0x5ecba17a5cc0 .param/l "cicloArribaSlave1" 0 4 21, +C4<00000000000000000000000000000011>;
P_0x5ecba17a5d00 .param/l "cicloArribaSlave2" 0 4 23, +C4<00000000000000000000000000000101>;
P_0x5ecba17a5d40 .param/l "inicioFinal" 0 4 18, +C4<00000000000000000000000000000000>;
P_0x5ecba17a5d80 .param/l "inicioFinal_slave1" 0 4 19, +C4<00000000000000000000000000000001>;
P_0x5ecba17a5dc0 .param/l "inicioFinal_slave2" 0 4 20, +C4<00000000000000000000000000000010>;
v0x5ecba17d7970_0 .var "CS_SLAVE1", 0 0;
v0x5ecba17d85b0_0 .var "CS_SLAVE2", 0 0;
v0x5ecba17d8650_0 .net "MISO", 15 0, L_0x5ecba181c8a0;  alias, 1 drivers
v0x5ecba1819d40_0 .var "MOSI", 15 0;
v0x5ecba1819e20_0 .var "SCLK", 0 0;
v0x5ecba1819f30_0 .net "SLAVE_SELECT", 0 0, v0x5ecba181c4f0_0;  alias, 1 drivers
v0x5ecba1819ff0_0 .net "clk", 0 0, v0x5ecba181c5b0_0;  alias, 1 drivers
v0x5ecba181a0b0_0 .var "contador_final", 4 0;
v0x5ecba181a190_0 .var "count", 15 0;
v0x5ecba181a270_0 .net "datain", 15 0, v0x5ecba181c6c0_0;  alias, 1 drivers
v0x5ecba181a350_0 .net "reset", 0 0, v0x5ecba181c7b0_0;  alias, 1 drivers
v0x5ecba181a410_0 .var "state", 2 0;
E_0x5ecba17dd0c0/0 .event negedge, v0x5ecba1819ff0_0;
E_0x5ecba17dd0c0/1 .event posedge, v0x5ecba1819ff0_0;
E_0x5ecba17dd0c0 .event/or E_0x5ecba17dd0c0/0, E_0x5ecba17dd0c0/1;
S_0x5ecba181a690 .scope module, "slave1_inst" "slave1" 3 41, 5 1 0, S_0x5ecba17e8880;
 .timescale 0 0;
    .port_info 0 /INPUT 1 "SCLK";
    .port_info 1 /INPUT 16 "MOSI";
    .port_info 2 /INPUT 1 "CS";
    .port_info 3 /INPUT 16 "count_master";
    .port_info 4 /OUTPUT 16 "MISO";
v0x5ecba181a860_0 .net "CS", 0 0, v0x5ecba17d7970_0;  alias, 1 drivers
v0x5ecba181a950_0 .var "MISO", 15 0;
v0x5ecba181aa10_0 .net "MOSI", 15 0, v0x5ecba1819d40_0;  alias, 1 drivers
v0x5ecba181ab10_0 .net "SCLK", 0 0, v0x5ecba1819e20_0;  alias, 1 drivers
v0x5ecba181abe0_0 .var "activador", 0 0;
v0x5ecba181acd0_0 .net "count_master", 15 0, v0x5ecba181a190_0;  alias, 1 drivers
v0x5ecba181ad70_0 .var "count_slave", 15 0;
v0x5ecba181ae30_0 .var "datos_guardados", 15 0;
v0x5ecba181af10_0 .var "termino", 1 0;
E_0x5ecba17a4500 .event posedge, v0x5ecba1819e20_0;
S_0x5ecba181b150 .scope module, "slave2_inst" "slave2" 3 50, 6 1 0, S_0x5ecba17e8880;
 .timescale 0 0;
    .port_info 0 /INPUT 1 "SCLK";
    .port_info 1 /INPUT 16 "MOSI";
    .port_info 2 /INPUT 1 "CS";
    .port_info 3 /INPUT 16 "count_master";
    .port_info 4 /OUTPUT 16 "MISO";
v0x5ecba181b310_0 .net "CS", 0 0, v0x5ecba17d85b0_0;  alias, 1 drivers
v0x5ecba181b3e0_0 .var "MISO", 15 0;
v0x5ecba181b4a0_0 .net "MOSI", 15 0, v0x5ecba1819d40_0;  alias, 1 drivers
v0x5ecba181b5c0_0 .net "SCLK", 0 0, v0x5ecba1819e20_0;  alias, 1 drivers
v0x5ecba181b6b0_0 .var "activador", 0 0;
v0x5ecba181b7c0_0 .net "count_master", 15 0, v0x5ecba181a190_0;  alias, 1 drivers
v0x5ecba181b8d0_0 .var "count_slave", 15 0;
v0x5ecba181b9b0_0 .var "datos_guardados", 15 0;
    .scope S_0x5ecba17edb30;
T_0 ;
    %wait E_0x5ecba17dd0c0;
    %load/vec4 v0x5ecba181a350_0;
    %flag_set/vec4 8;
    %jmp/0xz  T_0.0, 8;
    %pushi/vec4 0, 0, 16;
    %assign/vec4 v0x5ecba1819d40_0, 0;
    %pushi/vec4 0, 0, 1;
    %assign/vec4 v0x5ecba17d7970_0, 0;
    %pushi/vec4 0, 0, 1;
    %assign/vec4 v0x5ecba17d85b0_0, 0;
    %pushi/vec4 16, 0, 16;
    %assign/vec4 v0x5ecba181a190_0, 0;
    %pushi/vec4 0, 0, 1;
    %assign/vec4 v0x5ecba1819e20_0, 0;
    %pushi/vec4 0, 0, 3;
    %assign/vec4 v0x5ecba181a410_0, 0;
    %pushi/vec4 0, 0, 5;
    %assign/vec4 v0x5ecba181a0b0_0, 0;
    %jmp T_0.1;
T_0.0 ;
    %load/vec4 v0x5ecba181a410_0;
    %dup/vec4;
    %pushi/vec4 0, 0, 3;
    %cmp/u;
    %jmp/1 T_0.2, 6;
    %dup/vec4;
    %pushi/vec4 1, 0, 3;
    %cmp/u;
    %jmp/1 T_0.3, 6;
    %dup/vec4;
    %pushi/vec4 3, 0, 3;
    %cmp/u;
    %jmp/1 T_0.4, 6;
    %dup/vec4;
    %pushi/vec4 4, 0, 3;
    %cmp/u;
    %jmp/1 T_0.5, 6;
    %dup/vec4;
    %pushi/vec4 2, 0, 3;
    %cmp/u;
    %jmp/1 T_0.6, 6;
    %dup/vec4;
    %pushi/vec4 5, 0, 3;
    %cmp/u;
    %jmp/1 T_0.7, 6;
    %dup/vec4;
    %pushi/vec4 6, 0, 3;
    %cmp/u;
    %jmp/1 T_0.8, 6;
    %pushi/vec4 0, 0, 3;
    %assign/vec4 v0x5ecba181a410_0, 0;
    %jmp T_0.10;
T_0.2 ;
    %pushi/vec4 0, 0, 1;
    %assign/vec4 v0x5ecba1819e20_0, 0;
    %load/vec4 v0x5ecba1819f30_0;
    %flag_set/vec4 8;
    %jmp/0 T_0.11, 8;
    %pushi/vec4 1, 0, 32;
    %jmp/1 T_0.12, 8;
T_0.11 ; End of true expr.
    %pushi/vec4 2, 0, 32;
    %jmp/0 T_0.12, 8;
 ; End of false expr.
    %blend;
T_0.12;
    %pad/s 3;
    %store/vec4 v0x5ecba181a410_0, 0, 3;
    %jmp T_0.10;
T_0.3 ;
    %pushi/vec4 0, 0, 1;
    %assign/vec4 v0x5ecba1819e20_0, 0;
    %load/vec4 v0x5ecba181a0b0_0;
    %pad/u 32;
    %cmpi/e 31, 0, 32;
    %flag_mov 8, 4;
    %load/vec4 v0x5ecba181a0b0_0;
    %pad/u 32;
    %cmpi/e 0, 0, 32;
    %flag_or 4, 8;
    %jmp/0xz  T_0.13, 4;
    %pushi/vec4 1, 0, 1;
    %assign/vec4 v0x5ecba17d7970_0, 0;
T_0.13 ;
    %load/vec4 v0x5ecba181a0b0_0;
    %pad/u 32;
    %cmpi/e 31, 0, 32;
    %flag_mov 8, 4;
    %jmp/0 T_0.15, 8;
    %pushi/vec4 1, 0, 32;
    %jmp/1 T_0.16, 8;
T_0.15 ; End of true expr.
    %pushi/vec4 3, 0, 32;
    %jmp/0 T_0.16, 8;
 ; End of false expr.
    %blend;
T_0.16;
    %pad/s 3;
    %assign/vec4 v0x5ecba181a410_0, 0;
    %jmp T_0.10;
T_0.4 ;
    %pushi/vec4 1, 0, 1;
    %assign/vec4 v0x5ecba1819e20_0, 0;
    %pushi/vec4 0, 0, 1;
    %assign/vec4 v0x5ecba17d7970_0, 0;
    %load/vec4 v0x5ecba181a0b0_0;
    %addi 1, 0, 5;
    %store/vec4 v0x5ecba181a0b0_0, 0, 5;
    %load/vec4 v0x5ecba181a270_0;
    %load/vec4 v0x5ecba181a190_0;
    %pad/u 32;
    %subi 1, 0, 32;
    %part/u 1;
    %pad/u 16;
    %assign/vec4 v0x5ecba1819d40_0, 0;
    %load/vec4 v0x5ecba181a190_0;
    %subi 1, 0, 16;
    %assign/vec4 v0x5ecba181a190_0, 0;
    %pushi/vec4 4, 0, 3;
    %assign/vec4 v0x5ecba181a410_0, 0;
    %jmp T_0.10;
T_0.5 ;
    %pushi/vec4 0, 0, 1;
    %assign/vec4 v0x5ecba1819e20_0, 0;
    %load/vec4 v0x5ecba181a190_0;
    %pad/u 32;
    %cmpi/u 16, 0, 32;
    %flag_get/vec4 5;
    %pad/u 32;
    %cmpi/u 0, 0, 32;
    %flag_or 5, 4; GT is !LE
    %flag_inv 5;
    %jmp/0xz  T_0.17, 5;
    %pushi/vec4 3, 0, 3;
    %assign/vec4 v0x5ecba181a410_0, 0;
    %jmp T_0.18;
T_0.17 ;
    %pushi/vec4 1, 0, 3;
    %assign/vec4 v0x5ecba181a410_0, 0;
T_0.18 ;
    %jmp T_0.10;
T_0.6 ;
    %pushi/vec4 0, 0, 1;
    %assign/vec4 v0x5ecba1819e20_0, 0;
    %load/vec4 v0x5ecba181a0b0_0;
    %pad/u 32;
    %cmpi/e 31, 0, 32;
    %flag_mov 8, 4;
    %load/vec4 v0x5ecba181a0b0_0;
    %pad/u 32;
    %cmpi/e 0, 0, 32;
    %flag_or 4, 8;
    %jmp/0xz  T_0.19, 4;
    %pushi/vec4 1, 0, 1;
    %assign/vec4 v0x5ecba17d85b0_0, 0;
T_0.19 ;
    %load/vec4 v0x5ecba181a0b0_0;
    %pad/u 32;
    %cmpi/e 31, 0, 32;
    %flag_mov 8, 4;
    %jmp/0 T_0.21, 8;
    %pushi/vec4 2, 0, 32;
    %jmp/1 T_0.22, 8;
T_0.21 ; End of true expr.
    %pushi/vec4 5, 0, 32;
    %jmp/0 T_0.22, 8;
 ; End of false expr.
    %blend;
T_0.22;
    %pad/s 3;
    %assign/vec4 v0x5ecba181a410_0, 0;
    %jmp T_0.10;
T_0.7 ;
    %pushi/vec4 1, 0, 1;
    %assign/vec4 v0x5ecba1819e20_0, 0;
    %pushi/vec4 0, 0, 1;
    %assign/vec4 v0x5ecba17d85b0_0, 0;
    %load/vec4 v0x5ecba181a0b0_0;
    %addi 1, 0, 5;
    %store/vec4 v0x5ecba181a0b0_0, 0, 5;
    %load/vec4 v0x5ecba181a270_0;
    %load/vec4 v0x5ecba181a190_0;
    %pad/u 32;
    %subi 1, 0, 32;
    %part/u 1;
    %pad/u 16;
    %assign/vec4 v0x5ecba1819d40_0, 0;
    %load/vec4 v0x5ecba181a190_0;
    %subi 1, 0, 16;
    %assign/vec4 v0x5ecba181a190_0, 0;
    %pushi/vec4 6, 0, 3;
    %assign/vec4 v0x5ecba181a410_0, 0;
    %jmp T_0.10;
T_0.8 ;
    %pushi/vec4 0, 0, 1;
    %assign/vec4 v0x5ecba1819e20_0, 0;
    %load/vec4 v0x5ecba181a0b0_0;
    %pad/u 32;
    %cmpi/u 31, 0, 32;
    %flag_get/vec4 5;
    %pad/u 32;
    %cmpi/u 0, 0, 32;
    %flag_or 5, 4; GT is !LE
    %flag_inv 5;
    %jmp/0xz  T_0.23, 5;
    %pushi/vec4 5, 0, 3;
    %assign/vec4 v0x5ecba181a410_0, 0;
    %jmp T_0.24;
T_0.23 ;
    %pushi/vec4 2, 0, 3;
    %assign/vec4 v0x5ecba181a410_0, 0;
T_0.24 ;
    %jmp T_0.10;
T_0.10 ;
    %pop/vec4 1;
T_0.1 ;
    %jmp T_0;
    .thread T_0;
    .scope S_0x5ecba181a690;
T_1 ;
    %wait E_0x5ecba17a4500;
    %load/vec4 v0x5ecba181a860_0;
    %flag_set/vec4 8;
    %jmp/0xz  T_1.0, 8;
    %load/vec4 v0x5ecba181af10_0;
    %addi 1, 0, 2;
    %assign/vec4 v0x5ecba181af10_0, 0;
    %pushi/vec4 16, 0, 16;
    %assign/vec4 v0x5ecba181ad70_0, 0;
    %pushi/vec4 0, 0, 1;
    %assign/vec4 v0x5ecba181abe0_0, 0;
    %jmp T_1.1;
T_1.0 ;
    %load/vec4 v0x5ecba181acd0_0;
    %pad/u 32;
    %cmpi/u 16, 0, 32;
    %jmp/0xz  T_1.2, 5;
    %load/vec4 v0x5ecba181aa10_0;
    %load/vec4 v0x5ecba181acd0_0;
    %part/u 1;
    %ix/load 5, 0, 0;
    %ix/getv 4, v0x5ecba181acd0_0;
    %assign/vec4/off/d v0x5ecba181ae30_0, 4, 5;
T_1.2 ;
    %load/vec4 v0x5ecba181acd0_0;
    %pad/u 32;
    %cmpi/e 0, 0, 32;
    %jmp/0xz  T_1.4, 4;
    %pushi/vec4 1, 0, 1;
    %assign/vec4 v0x5ecba181abe0_0, 0;
T_1.4 ;
    %load/vec4 v0x5ecba181abe0_0;
    %flag_set/vec4 8;
    %jmp/0xz  T_1.6, 8;
    %load/vec4 v0x5ecba181ad70_0;
    %pad/u 32;
    %cmpi/ne 0, 0, 32;
    %jmp/0xz  T_1.8, 4;
    %load/vec4 v0x5ecba181ae30_0;
    %load/vec4 v0x5ecba181ad70_0;
    %pad/u 32;
    %subi 1, 0, 32;
    %part/u 1;
    %pad/u 16;
    %assign/vec4 v0x5ecba181a950_0, 0;
    %load/vec4 v0x5ecba181ad70_0;
    %subi 1, 0, 16;
    %assign/vec4 v0x5ecba181ad70_0, 0;
T_1.8 ;
T_1.6 ;
T_1.1 ;
    %jmp T_1;
    .thread T_1;
    .scope S_0x5ecba181b150;
T_2 ;
    %pushi/vec4 16, 0, 16;
    %store/vec4 v0x5ecba181b8d0_0, 0, 16;
    %pushi/vec4 0, 0, 1;
    %store/vec4 v0x5ecba181b6b0_0, 0, 1;
    %end;
    .thread T_2;
    .scope S_0x5ecba181b150;
T_3 ;
    %wait E_0x5ecba17a4500;
    %load/vec4 v0x5ecba181b310_0;
    %flag_set/vec4 8;
    %jmp/0xz  T_3.0, 8;
    %pushi/vec4 16, 0, 16;
    %assign/vec4 v0x5ecba181b8d0_0, 0;
    %pushi/vec4 0, 0, 1;
    %assign/vec4 v0x5ecba181b6b0_0, 0;
    %jmp T_3.1;
T_3.0 ;
    %load/vec4 v0x5ecba181b7c0_0;
    %pad/u 32;
    %cmpi/u 16, 0, 32;
    %flag_or 5, 4;
    %jmp/0xz  T_3.2, 5;
    %load/vec4 v0x5ecba181b4a0_0;
    %pad/u 1;
    %ix/load 5, 0, 0;
    %ix/getv 4, v0x5ecba181b7c0_0;
    %assign/vec4/off/d v0x5ecba181b9b0_0, 4, 5;
T_3.2 ;
    %load/vec4 v0x5ecba181b7c0_0;
    %pad/u 32;
    %cmpi/e 0, 0, 32;
    %jmp/0xz  T_3.4, 4;
    %pushi/vec4 1, 0, 1;
    %assign/vec4 v0x5ecba181b6b0_0, 0;
T_3.4 ;
    %load/vec4 v0x5ecba181b6b0_0;
    %flag_set/vec4 8;
    %jmp/0xz  T_3.6, 8;
    %load/vec4 v0x5ecba181b8d0_0;
    %pad/u 32;
    %cmpi/ne 0, 0, 32;
    %jmp/0xz  T_3.8, 4;
    %load/vec4 v0x5ecba181b9b0_0;
    %load/vec4 v0x5ecba181b8d0_0;
    %pad/u 32;
    %subi 1, 0, 32;
    %part/u 1;
    %pad/u 16;
    %assign/vec4 v0x5ecba181b3e0_0, 0;
    %load/vec4 v0x5ecba181b8d0_0;
    %subi 1, 0, 16;
    %assign/vec4 v0x5ecba181b8d0_0, 0;
T_3.8 ;
T_3.6 ;
T_3.1 ;
    %jmp T_3;
    .thread T_3;
    .scope S_0x5ecba17e86f0;
T_4 ;
    %delay 5, 0;
    %load/vec4 v0x5ecba181c5b0_0;
    %inv;
    %store/vec4 v0x5ecba181c5b0_0, 0, 1;
    %jmp T_4;
    .thread T_4;
    .scope S_0x5ecba17e86f0;
T_5 ;
    %vpi_call 2 23 "$monitor", "Time = %0t | clk = %b | reset = %b | SLAVE_SELECT = %b | state = %b | SCLK = %b | CS_SLAVE1 = %b | CS_SLAVE2 = %b | MOSI = %h | MISO_SLAVE1 = %h | MISO_SLAVE2 = %h", $time, v0x5ecba181c5b0_0, v0x5ecba181c7b0_0, v0x5ecba181c4f0_0, v0x5ecba181a410_0, v0x5ecba181c020_0, v0x5ecba181bb30_0, v0x5ecba181bc40_0, v0x5ecba181bf80_0, v0x5ecba181a950_0, v0x5ecba181b3e0_0 {0 0 0};
    %end;
    .thread T_5;
    .scope S_0x5ecba17e86f0;
T_6 ;
    %pushi/vec4 0, 0, 1;
    %store/vec4 v0x5ecba181c5b0_0, 0, 1;
    %pushi/vec4 1, 0, 1;
    %store/vec4 v0x5ecba181c7b0_0, 0, 1;
    %pushi/vec4 0, 0, 1;
    %store/vec4 v0x5ecba181c4f0_0, 0, 1;
    %pushi/vec4 43690, 0, 16;
    %store/vec4 v0x5ecba181c6c0_0, 0, 16;
    %delay 10, 0;
    %pushi/vec4 0, 0, 1;
    %store/vec4 v0x5ecba181c7b0_0, 0, 1;
    %delay 10, 0;
    %pushi/vec4 0, 0, 1;
    %store/vec4 v0x5ecba181c4f0_0, 0, 1;
    %delay 10, 0;
    %delay 400, 0;
    %pushi/vec4 0, 0, 1;
    %store/vec4 v0x5ecba181c7b0_0, 0, 1;
    %delay 20, 0;
    %pushi/vec4 1, 0, 1;
    %store/vec4 v0x5ecba181c4f0_0, 0, 1;
    %delay 400, 0;
    %vpi_call 2 55 "$finish" {0 0 0};
    %end;
    .thread T_6;
    .scope S_0x5ecba17e86f0;
T_7 ;
    %vpi_call 2 59 "$dumpfile", "tb_top.vcd" {0 0 0};
    %vpi_call 2 60 "$dumpvars", 32'sb00000000000000000000000000000000, S_0x5ecba17e86f0 {0 0 0};
    %end;
    .thread T_7;
# The file index is used to find the file name in the following table.
:file_names 7;
    "N/A";
    "<interactive>";
    "testbench.v";
    "./top.v";
    "./master.v";
    "./slave1.v";
    "./slave2.v";
