#! /usr/bin/vvp
:ivl_version "11.0 (stable)";
:ivl_delay_selection "TYPICAL";
:vpi_time_precision + 0;
:vpi_module "/usr/lib/x86_64-linux-gnu/ivl/system.vpi";
:vpi_module "/usr/lib/x86_64-linux-gnu/ivl/vhdl_sys.vpi";
:vpi_module "/usr/lib/x86_64-linux-gnu/ivl/vhdl_textio.vpi";
:vpi_module "/usr/lib/x86_64-linux-gnu/ivl/v2005_math.vpi";
:vpi_module "/usr/lib/x86_64-linux-gnu/ivl/va_math.vpi";
S_0x582f14b03940 .scope module, "tb_" "tb_" 2 4;
 .timescale 0 0;
v0x582f14b1af50_0 .net "MODO", 1 0, v0x582f14b1a920_0;  1 drivers
v0x582f14b1b080_0 .net "a", 7 0, v0x582f14b1a9e0_0;  1 drivers
v0x582f14b1b190_0 .net "b", 7 0, v0x582f14b1aab0_0;  1 drivers
v0x582f14b1b280_0 .net "c", 7 0, v0x582f14b1a220_0;  1 drivers
v0x582f14b1b390_0 .net "clk", 0 0, v0x582f14b1ac80_0;  1 drivers
v0x582f14b1b4d0_0 .net "en", 0 0, v0x582f14b1ad70_0;  1 drivers
v0x582f14b1b5c0_0 .net "rst", 0 0, v0x582f14b1ae40_0;  1 drivers
S_0x582f14b03ad0 .scope module, "DUT" "calculadora8bit" 2 9, 3 1 0, S_0x582f14b03940;
 .timescale 0 0;
    .port_info 0 /INPUT 1 "clk";
    .port_info 1 /INPUT 1 "en";
    .port_info 2 /INPUT 1 "rst";
    .port_info 3 /INPUT 8 "a";
    .port_info 4 /INPUT 8 "b";
    .port_info 5 /INPUT 2 "MODO";
    .port_info 6 /OUTPUT 8 "c";
P_0x582f14b00000 .param/l "LEFTSHIFT" 0 3 11, C4<11>;
P_0x582f14b00040 .param/l "MULTIPLICA" 0 3 10, C4<10>;
P_0x582f14b00080 .param/l "RESTA" 0 3 9, C4<01>;
P_0x582f14b000c0 .param/l "SUMA" 0 3 8, C4<00>;
v0x582f14afbb80_0 .net "MODO", 1 0, v0x582f14b1a920_0;  alias, 1 drivers
v0x582f14b1a080_0 .net "a", 7 0, v0x582f14b1a9e0_0;  alias, 1 drivers
v0x582f14b1a160_0 .net "b", 7 0, v0x582f14b1aab0_0;  alias, 1 drivers
v0x582f14b1a220_0 .var "c", 7 0;
v0x582f14b1a300_0 .net "clk", 0 0, v0x582f14b1ac80_0;  alias, 1 drivers
v0x582f14b1a410_0 .net "en", 0 0, v0x582f14b1ad70_0;  alias, 1 drivers
v0x582f14b1a4d0_0 .net "rst", 0 0, v0x582f14b1ae40_0;  alias, 1 drivers
E_0x582f14af87d0 .event posedge, v0x582f14b1a300_0;
S_0x582f14b1a670 .scope module, "test" "tester" 2 19, 4 1 0, S_0x582f14b03940;
 .timescale 0 0;
    .port_info 0 /OUTPUT 1 "clk";
    .port_info 1 /OUTPUT 1 "en";
    .port_info 2 /OUTPUT 1 "rst";
    .port_info 3 /OUTPUT 8 "a";
    .port_info 4 /OUTPUT 8 "b";
    .port_info 5 /OUTPUT 2 "MODO";
    .port_info 6 /INPUT 8 "c";
v0x582f14b1a920_0 .var "MODO", 1 0;
v0x582f14b1a9e0_0 .var "a", 7 0;
v0x582f14b1aab0_0 .var "b", 7 0;
v0x582f14b1abb0_0 .net "c", 7 0, v0x582f14b1a220_0;  alias, 1 drivers
v0x582f14b1ac80_0 .var "clk", 0 0;
v0x582f14b1ad70_0 .var "en", 0 0;
v0x582f14b1ae40_0 .var "rst", 0 0;
    .scope S_0x582f14b03ad0;
T_0 ;
    %wait E_0x582f14af87d0;
    %load/vec4 v0x582f14b1a410_0;
    %flag_set/vec4 8;
    %jmp/0xz  T_0.0, 8;
    %load/vec4 v0x582f14afbb80_0;
    %dup/vec4;
    %pushi/vec4 0, 0, 2;
    %cmp/u;
    %jmp/1 T_0.2, 6;
    %dup/vec4;
    %pushi/vec4 1, 0, 2;
    %cmp/u;
    %jmp/1 T_0.3, 6;
    %dup/vec4;
    %pushi/vec4 2, 0, 2;
    %cmp/u;
    %jmp/1 T_0.4, 6;
    %dup/vec4;
    %pushi/vec4 3, 0, 2;
    %cmp/u;
    %jmp/1 T_0.5, 6;
    %pushi/vec4 0, 0, 8;
    %assign/vec4 v0x582f14b1a220_0, 0;
    %jmp T_0.7;
T_0.2 ;
    %load/vec4 v0x582f14b1a080_0;
    %load/vec4 v0x582f14b1a160_0;
    %add;
    %assign/vec4 v0x582f14b1a220_0, 0;
    %jmp T_0.7;
T_0.3 ;
    %load/vec4 v0x582f14b1a080_0;
    %load/vec4 v0x582f14b1a160_0;
    %sub;
    %assign/vec4 v0x582f14b1a220_0, 0;
    %jmp T_0.7;
T_0.4 ;
    %load/vec4 v0x582f14b1a080_0;
    %load/vec4 v0x582f14b1a160_0;
    %mul;
    %assign/vec4 v0x582f14b1a220_0, 0;
    %jmp T_0.7;
T_0.5 ;
    %load/vec4 v0x582f14b1a080_0;
    %ix/getv 4, v0x582f14b1a160_0;
    %shiftr 4;
    %assign/vec4 v0x582f14b1a220_0, 0;
    %jmp T_0.7;
T_0.7 ;
    %pop/vec4 1;
T_0.0 ;
    %load/vec4 v0x582f14b1a4d0_0;
    %flag_set/vec4 8;
    %jmp/0xz  T_0.8, 8;
    %pushi/vec4 0, 0, 8;
    %assign/vec4 v0x582f14b1a220_0, 0;
T_0.8 ;
    %jmp T_0;
    .thread T_0;
    .scope S_0x582f14b1a670;
T_1 ;
    %delay 2, 0;
    %load/vec4 v0x582f14b1ac80_0;
    %inv;
    %store/vec4 v0x582f14b1ac80_0, 0, 1;
    %jmp T_1;
    .thread T_1;
    .scope S_0x582f14b1a670;
T_2 ;
    %pushi/vec4 0, 0, 1;
    %store/vec4 v0x582f14b1ac80_0, 0, 1;
    %pushi/vec4 1, 0, 1;
    %store/vec4 v0x582f14b1ad70_0, 0, 1;
    %delay 8, 0;
    %pushi/vec4 0, 0, 2;
    %store/vec4 v0x582f14b1a920_0, 0, 2;
    %pushi/vec4 10, 0, 8;
    %store/vec4 v0x582f14b1a9e0_0, 0, 8;
    %pushi/vec4 5, 0, 8;
    %store/vec4 v0x582f14b1aab0_0, 0, 8;
    %delay 16, 0;
    %pushi/vec4 9, 0, 8;
    %store/vec4 v0x582f14b1a9e0_0, 0, 8;
    %pushi/vec4 3, 0, 8;
    %store/vec4 v0x582f14b1aab0_0, 0, 8;
    %delay 16, 0;
    %pushi/vec4 0, 0, 1;
    %store/vec4 v0x582f14b1ad70_0, 0, 1;
    %pushi/vec4 1, 0, 1;
    %store/vec4 v0x582f14b1ae40_0, 0, 1;
    %delay 16, 0;
    %pushi/vec4 1, 0, 1;
    %store/vec4 v0x582f14b1ad70_0, 0, 1;
    %pushi/vec4 0, 0, 1;
    %store/vec4 v0x582f14b1ae40_0, 0, 1;
    %delay 16, 0;
    %pushi/vec4 1, 0, 2;
    %store/vec4 v0x582f14b1a920_0, 0, 2;
    %pushi/vec4 10, 0, 8;
    %store/vec4 v0x582f14b1a9e0_0, 0, 8;
    %pushi/vec4 5, 0, 8;
    %store/vec4 v0x582f14b1aab0_0, 0, 8;
    %delay 16, 0;
    %pushi/vec4 9, 0, 8;
    %store/vec4 v0x582f14b1a9e0_0, 0, 8;
    %pushi/vec4 3, 0, 8;
    %store/vec4 v0x582f14b1aab0_0, 0, 8;
    %delay 16, 0;
    %pushi/vec4 0, 0, 1;
    %store/vec4 v0x582f14b1ad70_0, 0, 1;
    %pushi/vec4 1, 0, 1;
    %store/vec4 v0x582f14b1ae40_0, 0, 1;
    %delay 16, 0;
    %pushi/vec4 1, 0, 1;
    %store/vec4 v0x582f14b1ad70_0, 0, 1;
    %pushi/vec4 0, 0, 1;
    %store/vec4 v0x582f14b1ae40_0, 0, 1;
    %delay 16, 0;
    %pushi/vec4 2, 0, 2;
    %store/vec4 v0x582f14b1a920_0, 0, 2;
    %pushi/vec4 10, 0, 8;
    %store/vec4 v0x582f14b1a9e0_0, 0, 8;
    %pushi/vec4 5, 0, 8;
    %store/vec4 v0x582f14b1aab0_0, 0, 8;
    %delay 16, 0;
    %pushi/vec4 9, 0, 8;
    %store/vec4 v0x582f14b1a9e0_0, 0, 8;
    %pushi/vec4 3, 0, 8;
    %store/vec4 v0x582f14b1aab0_0, 0, 8;
    %delay 16, 0;
    %pushi/vec4 0, 0, 1;
    %store/vec4 v0x582f14b1ad70_0, 0, 1;
    %pushi/vec4 1, 0, 1;
    %store/vec4 v0x582f14b1ae40_0, 0, 1;
    %delay 16, 0;
    %pushi/vec4 1, 0, 1;
    %store/vec4 v0x582f14b1ad70_0, 0, 1;
    %pushi/vec4 0, 0, 1;
    %store/vec4 v0x582f14b1ae40_0, 0, 1;
    %delay 16, 0;
    %pushi/vec4 3, 0, 2;
    %store/vec4 v0x582f14b1a920_0, 0, 2;
    %pushi/vec4 10, 0, 8;
    %store/vec4 v0x582f14b1a9e0_0, 0, 8;
    %pushi/vec4 5, 0, 8;
    %store/vec4 v0x582f14b1aab0_0, 0, 8;
    %delay 16, 0;
    %pushi/vec4 3, 0, 8;
    %store/vec4 v0x582f14b1aab0_0, 0, 8;
    %pushi/vec4 9, 0, 8;
    %store/vec4 v0x582f14b1a9e0_0, 0, 8;
    %delay 16, 0;
    %pushi/vec4 0, 0, 1;
    %store/vec4 v0x582f14b1ad70_0, 0, 1;
    %pushi/vec4 1, 0, 1;
    %store/vec4 v0x582f14b1ae40_0, 0, 1;
    %delay 16, 0;
    %pushi/vec4 1, 0, 1;
    %store/vec4 v0x582f14b1ad70_0, 0, 1;
    %pushi/vec4 0, 0, 1;
    %store/vec4 v0x582f14b1ae40_0, 0, 1;
    %delay 16, 0;
    %vpi_call 4 111 "$finish" {0 0 0};
    %end;
    .thread T_2;
    .scope S_0x582f14b03940;
T_3 ;
    %vpi_call 2 30 "$dumpfile", "tb_calculadora8bit.vcd" {0 0 0};
    %vpi_call 2 31 "$dumpvars" {0 0 0};
    %end;
    .thread T_3;
# The file index is used to find the file name in the following table.
:file_names 5;
    "N/A";
    "<interactive>";
    "testbench.v";
    "./calculadora8bit.v";
    "./tester.v";
