#! /usr/bin/vvp
:ivl_version "11.0 (stable)";
:ivl_delay_selection "TYPICAL";
:vpi_time_precision + 0;
:vpi_module "/usr/lib/x86_64-linux-gnu/ivl/system.vpi";
:vpi_module "/usr/lib/x86_64-linux-gnu/ivl/vhdl_sys.vpi";
:vpi_module "/usr/lib/x86_64-linux-gnu/ivl/vhdl_textio.vpi";
:vpi_module "/usr/lib/x86_64-linux-gnu/ivl/v2005_math.vpi";
:vpi_module "/usr/lib/x86_64-linux-gnu/ivl/va_math.vpi";
S_0x58c51bd1eb00 .scope module, "tb" "tb" 2 4;
 .timescale 0 0;
v0x58c51bd50a90_0 .net "advertencia", 0 0, v0x58c51bcc47b0_0;  1 drivers
v0x58c51bd50b50_0 .net "balance_actualizado", 0 0, v0x58c51bcefb40_0;  1 drivers
v0x58c51bd50c60_0 .net "bloqueo", 0 0, v0x58c51bcefc10_0;  1 drivers
v0x58c51bd50d50_0 .net "clk", 0 0, v0x58c51bd4fdc0_0;  1 drivers
v0x58c51bd50e40_0 .net "comision", 0 0, v0x58c51bd4e730_0;  1 drivers
v0x58c51bd50f80_0 .net "digito", 3 0, v0x58c51bd4ff80_0;  1 drivers
v0x58c51bd51070_0 .net "digito_stb", 0 0, v0x58c51bd50050_0;  1 drivers
v0x58c51bd51160_0 .net "entregar_dinero", 0 0, v0x58c51bd4ec30_0;  1 drivers
v0x58c51bd51250_0 .net "fondos_insuficientes", 0 0, v0x58c51bd4ecf0_0;  1 drivers
v0x58c51bd512f0_0 .net "monto", 31 0, v0x58c51bd502c0_0;  1 drivers
v0x58c51bd513e0_0 .net "monto_stb", 0 0, v0x58c51bd50390_0;  1 drivers
v0x58c51bd514d0_0 .net "pin", 15 0, v0x58c51bd50460_0;  1 drivers
v0x58c51bd515e0_0 .net "pin_incorrecto", 0 0, v0x58c51bd4f1f0_0;  1 drivers
v0x58c51bd516d0_0 .net "rst", 0 0, v0x58c51bd50600_0;  1 drivers
v0x58c51bd517c0_0 .net "tarjeta_recibida", 0 0, v0x58c51bd506d0_0;  1 drivers
v0x58c51bd518b0_0 .net "tipo_tarjeta", 0 0, v0x58c51bd507a0_0;  1 drivers
v0x58c51bd519a0_0 .net "tipo_transaccion", 0 0, v0x58c51bd50870_0;  1 drivers
S_0x58c51bd1ec90 .scope module, "DUT" "controlador" 2 13, 3 15 0, S_0x58c51bd1eb00;
 .timescale 0 0;
    .port_info 0 /INPUT 1 "clk";
    .port_info 1 /INPUT 1 "rst";
    .port_info 2 /INPUT 1 "tarjeta_recibida";
    .port_info 3 /INPUT 1 "tipo_tarjeta";
    .port_info 4 /INPUT 16 "pin";
    .port_info 5 /INPUT 4 "digito";
    .port_info 6 /INPUT 1 "digito_stb";
    .port_info 7 /INPUT 1 "tipo_transaccion";
    .port_info 8 /INPUT 32 "monto";
    .port_info 9 /INPUT 1 "monto_stb";
    .port_info 10 /OUTPUT 1 "balance_actualizado";
    .port_info 11 /OUTPUT 1 "entregar_dinero";
    .port_info 12 /OUTPUT 1 "fondos_insuficientes";
    .port_info 13 /OUTPUT 1 "pin_incorrecto";
    .port_info 14 /OUTPUT 1 "bloqueo";
    .port_info 15 /OUTPUT 1 "advertencia";
    .port_info 16 /OUTPUT 1 "comision";
P_0x58c51bd1ee70 .param/l "PIN_BUENO" 0 3 36, +C4<00000000000000000000111010001001>;
v0x58c51bcc47b0_0 .var "advertencia", 0 0;
v0x58c51bcc4ba0_0 .var "balance", 63 0;
v0x58c51bcefb40_0 .var "balance_actualizado", 0 0;
v0x58c51bcefc10_0 .var "bloqueo", 0 0;
v0x58c51bd4e620_0 .net "clk", 0 0, v0x58c51bd4fdc0_0;  alias, 1 drivers
v0x58c51bd4e730_0 .var "comision", 0 0;
v0x58c51bd4e7f0_0 .var "contador_digitos", 2 0;
v0x58c51bd4e8d0_0 .var "contador_fallos", 2 0;
v0x58c51bd4e9b0_0 .net "digito", 3 0, v0x58c51bd4ff80_0;  alias, 1 drivers
v0x58c51bd4ea90_0 .net "digito_stb", 0 0, v0x58c51bd50050_0;  alias, 1 drivers
v0x58c51bd4eb50_0 .var "digitos_pin", 3 0;
v0x58c51bd4ec30_0 .var "entregar_dinero", 0 0;
v0x58c51bd4ecf0_0 .var "fondos_insuficientes", 0 0;
v0x58c51bd4edb0_0 .var/i "i", 31 0;
v0x58c51bd4ee90_0 .var/i "j", 31 0;
v0x58c51bd4ef70_0 .net "monto", 31 0, v0x58c51bd502c0_0;  alias, 1 drivers
v0x58c51bd4f050_0 .net "monto_stb", 0 0, v0x58c51bd50390_0;  alias, 1 drivers
v0x58c51bd4f110_0 .net "pin", 15 0, v0x58c51bd50460_0;  alias, 1 drivers
v0x58c51bd4f1f0_0 .var "pin_incorrecto", 0 0;
v0x58c51bd4f2b0_0 .net "rst", 0 0, v0x58c51bd50600_0;  alias, 1 drivers
v0x58c51bd4f370_0 .var "sigue_bucle", 0 0;
v0x58c51bd4f430_0 .net "tarjeta_recibida", 0 0, v0x58c51bd506d0_0;  alias, 1 drivers
v0x58c51bd4f4f0_0 .net "tipo_tarjeta", 0 0, v0x58c51bd507a0_0;  alias, 1 drivers
v0x58c51bd4f5b0_0 .net "tipo_transaccion", 0 0, v0x58c51bd50870_0;  alias, 1 drivers
E_0x58c51bcc37b0/0 .event negedge, v0x58c51bd4e620_0;
E_0x58c51bcc37b0/1 .event posedge, v0x58c51bd4e620_0;
E_0x58c51bcc37b0 .event/or E_0x58c51bcc37b0/0, E_0x58c51bcc37b0/1;
S_0x58c51bd4f890 .scope module, "test" "tester" 2 33, 4 15 0, S_0x58c51bd1eb00;
 .timescale 0 0;
    .port_info 0 /OUTPUT 1 "clk";
    .port_info 1 /OUTPUT 1 "rst";
    .port_info 2 /OUTPUT 1 "tarjeta_recibida";
    .port_info 3 /OUTPUT 1 "tipo_tarjeta";
    .port_info 4 /OUTPUT 16 "pin";
    .port_info 5 /OUTPUT 4 "digito";
    .port_info 6 /OUTPUT 1 "digito_stb";
    .port_info 7 /OUTPUT 1 "tipo_transaccion";
    .port_info 8 /OUTPUT 32 "monto";
    .port_info 9 /OUTPUT 1 "monto_stb";
    .port_info 10 /INPUT 1 "balance_actualizado";
    .port_info 11 /INPUT 1 "entregar_dinero";
    .port_info 12 /INPUT 1 "fondos_insuficientes";
    .port_info 13 /INPUT 1 "pin_incorrecto";
    .port_info 14 /INPUT 1 "bloqueo";
    .port_info 15 /INPUT 1 "advertencia";
    .port_info 16 /INPUT 1 "comision";
v0x58c51bd4fbe0_0 .net "advertencia", 0 0, v0x58c51bcc47b0_0;  alias, 1 drivers
v0x58c51bd4fc80_0 .net "balance_actualizado", 0 0, v0x58c51bcefb40_0;  alias, 1 drivers
v0x58c51bd4fd20_0 .net "bloqueo", 0 0, v0x58c51bcefc10_0;  alias, 1 drivers
v0x58c51bd4fdc0_0 .var "clk", 0 0;
v0x58c51bd4fe90_0 .net "comision", 0 0, v0x58c51bd4e730_0;  alias, 1 drivers
v0x58c51bd4ff80_0 .var "digito", 3 0;
v0x58c51bd50050_0 .var "digito_stb", 0 0;
v0x58c51bd50120_0 .net "entregar_dinero", 0 0, v0x58c51bd4ec30_0;  alias, 1 drivers
v0x58c51bd501f0_0 .net "fondos_insuficientes", 0 0, v0x58c51bd4ecf0_0;  alias, 1 drivers
v0x58c51bd502c0_0 .var "monto", 31 0;
v0x58c51bd50390_0 .var "monto_stb", 0 0;
v0x58c51bd50460_0 .var "pin", 15 0;
v0x58c51bd50530_0 .net "pin_incorrecto", 0 0, v0x58c51bd4f1f0_0;  alias, 1 drivers
v0x58c51bd50600_0 .var "rst", 0 0;
v0x58c51bd506d0_0 .var "tarjeta_recibida", 0 0;
v0x58c51bd507a0_0 .var "tipo_tarjeta", 0 0;
v0x58c51bd50870_0 .var "tipo_transaccion", 0 0;
    .scope S_0x58c51bd1ec90;
T_0 ;
    %pushi/vec4 5000, 0, 64;
    %store/vec4 v0x58c51bcc4ba0_0, 0, 64;
    %pushi/vec4 1, 0, 1;
    %store/vec4 v0x58c51bd4f370_0, 0, 1;
    %end;
    .thread T_0;
    .scope S_0x58c51bd1ec90;
T_1 ;
    %wait E_0x58c51bcc37b0;
    %load/vec4 v0x58c51bd4f2b0_0;
    %flag_set/vec4 8;
    %jmp/0xz  T_1.0, 8;
    %pushi/vec4 0, 0, 3;
    %store/vec4 v0x58c51bd4e7f0_0, 0, 3;
    %pushi/vec4 0, 0, 3;
    %store/vec4 v0x58c51bd4e8d0_0, 0, 3;
    %pushi/vec4 0, 0, 1;
    %store/vec4 v0x58c51bcefb40_0, 0, 1;
    %pushi/vec4 0, 0, 1;
    %store/vec4 v0x58c51bd4ec30_0, 0, 1;
    %pushi/vec4 0, 0, 1;
    %store/vec4 v0x58c51bd4f1f0_0, 0, 1;
    %pushi/vec4 0, 0, 1;
    %store/vec4 v0x58c51bd4ecf0_0, 0, 1;
    %pushi/vec4 0, 0, 1;
    %store/vec4 v0x58c51bcefc10_0, 0, 1;
    %pushi/vec4 0, 0, 1;
    %store/vec4 v0x58c51bcc47b0_0, 0, 1;
T_1.0 ;
    %jmp T_1;
    .thread T_1;
    .scope S_0x58c51bd1ec90;
T_2 ;
    %wait E_0x58c51bcc37b0;
    %load/vec4 v0x58c51bd4e8d0_0;
    %pad/u 32;
    %cmpi/e 2, 0, 32;
    %jmp/0xz  T_2.0, 4;
    %pushi/vec4 1, 0, 1;
    %assign/vec4 v0x58c51bcc47b0_0, 0;
    %jmp T_2.1;
T_2.0 ;
    %load/vec4 v0x58c51bd4e8d0_0;
    %pad/u 32;
    %cmpi/e 3, 0, 32;
    %jmp/0xz  T_2.2, 4;
    %pushi/vec4 1, 0, 1;
    %assign/vec4 v0x58c51bcefc10_0, 0;
T_2.2 ;
T_2.1 ;
    %jmp T_2;
    .thread T_2;
    .scope S_0x58c51bd1ec90;
T_3 ;
    %wait E_0x58c51bcc37b0;
    %load/vec4 v0x58c51bd4f430_0;
    %pad/u 32;
    %cmpi/u 1, 0, 32;
    %flag_or 5, 4;
    %jmp/0xz  T_3.0, 5;
    %load/vec4 v0x58c51bd4f4f0_0;
    %pad/u 32;
    %cmpi/u 1, 0, 32;
    %flag_or 5, 4;
    %jmp/0xz  T_3.2, 5;
    %pushi/vec4 1, 0, 1;
    %store/vec4 v0x58c51bd4e730_0, 0, 1;
T_3.2 ;
    %load/vec4 v0x58c51bd4ea90_0;
    %flag_set/vec4 8;
    %jmp/0xz  T_3.4, 8;
    %pushi/vec4 0, 0, 32;
    %store/vec4 v0x58c51bd4ee90_0, 0, 32;
T_3.6 ;
    %load/vec4 v0x58c51bd4ee90_0;
    %cmpi/s 3, 0, 32;
    %jmp/0xz T_3.7, 5;
    %load/vec4 v0x58c51bd4f370_0;
    %flag_set/vec4 8;
    %jmp/0xz  T_3.8, 8;
    %pushi/vec4 0, 0, 32;
    %store/vec4 v0x58c51bd4edb0_0, 0, 32;
T_3.10 ;
    %load/vec4 v0x58c51bd4edb0_0;
    %cmpi/s 4, 0, 32;
    %jmp/0xz T_3.11, 5;
    %load/vec4 v0x58c51bd4e9b0_0;
    %load/vec4 v0x58c51bd4eb50_0;
    %cmp/e;
    %jmp/0xz  T_3.12, 4;
    ; show_stmt_assign_vector: Get l-value for compressed += operand
    %load/vec4 v0x58c51bd4e7f0_0;
    %pushi/vec4 1, 0, 3;
    %add;
    %store/vec4 v0x58c51bd4e7f0_0, 0, 3;
T_3.12 ;
    %load/vec4 v0x58c51bd4edb0_0;
    %addi 1, 0, 32;
    %store/vec4 v0x58c51bd4edb0_0, 0, 32;
    %jmp T_3.10;
T_3.11 ;
    %load/vec4 v0x58c51bd4e7f0_0;
    %pad/u 32;
    %cmpi/e 4, 0, 32;
    %jmp/0xz  T_3.14, 4;
    %pushi/vec4 0, 0, 1;
    %assign/vec4 v0x58c51bd4f370_0, 0;
    %jmp T_3.15;
T_3.14 ;
    %pushi/vec4 1, 0, 1;
    %assign/vec4 v0x58c51bd4f1f0_0, 0;
    ; show_stmt_assign_vector: Get l-value for compressed += operand
    %load/vec4 v0x58c51bd4e8d0_0;
    %pushi/vec4 1, 0, 3;
    %add;
    %store/vec4 v0x58c51bd4e8d0_0, 0, 3;
T_3.15 ;
T_3.8 ;
    %load/vec4 v0x58c51bd4ee90_0;
    %addi 1, 0, 32;
    %store/vec4 v0x58c51bd4ee90_0, 0, 32;
    %jmp T_3.6;
T_3.7 ;
T_3.4 ;
    %load/vec4 v0x58c51bd4f5b0_0;
    %nor/r;
    %flag_set/vec4 8;
    %jmp/0xz  T_3.16, 8;
    %load/vec4 v0x58c51bd4f050_0;
    %flag_set/vec4 8;
    %jmp/0xz  T_3.18, 8;
    %load/vec4 v0x58c51bcc4ba0_0;
    %load/vec4 v0x58c51bd4ef70_0;
    %pad/u 64;
    %add;
    %store/vec4 v0x58c51bcc4ba0_0, 0, 64;
    %pushi/vec4 1, 0, 1;
    %store/vec4 v0x58c51bcefb40_0, 0, 1;
T_3.18 ;
    %jmp T_3.17;
T_3.16 ;
    %load/vec4 v0x58c51bd4f5b0_0;
    %flag_set/vec4 8;
    %jmp/0xz  T_3.20, 8;
    %load/vec4 v0x58c51bd4f050_0;
    %flag_set/vec4 8;
    %jmp/0xz  T_3.22, 8;
    %load/vec4 v0x58c51bcc4ba0_0;
    %load/vec4 v0x58c51bd4ef70_0;
    %pad/u 64;
    %cmp/u;
    %flag_or 5, 4;
    %jmp/0xz  T_3.24, 5;
    %load/vec4 v0x58c51bcc4ba0_0;
    %load/vec4 v0x58c51bd4ef70_0;
    %pad/u 64;
    %sub;
    %store/vec4 v0x58c51bcc4ba0_0, 0, 64;
    %pushi/vec4 1, 0, 1;
    %store/vec4 v0x58c51bcefb40_0, 0, 1;
    %pushi/vec4 1, 0, 1;
    %store/vec4 v0x58c51bd4ec30_0, 0, 1;
    %pushi/vec4 0, 0, 1;
    %store/vec4 v0x58c51bd4ecf0_0, 0, 1;
    %jmp T_3.25;
T_3.24 ;
    %pushi/vec4 1, 0, 1;
    %store/vec4 v0x58c51bd4ecf0_0, 0, 1;
    %pushi/vec4 0, 0, 1;
    %store/vec4 v0x58c51bcefb40_0, 0, 1;
T_3.25 ;
T_3.22 ;
T_3.20 ;
T_3.17 ;
T_3.0 ;
    %jmp T_3;
    .thread T_3;
    .scope S_0x58c51bd4f890;
T_4 ;
    %delay 5, 0;
    %load/vec4 v0x58c51bd4fdc0_0;
    %inv;
    %store/vec4 v0x58c51bd4fdc0_0, 0, 1;
    %jmp T_4;
    .thread T_4;
    .scope S_0x58c51bd4f890;
T_5 ;
    %pushi/vec4 0, 0, 1;
    %store/vec4 v0x58c51bd4fdc0_0, 0, 1;
    %pushi/vec4 0, 0, 1;
    %store/vec4 v0x58c51bd50600_0, 0, 1;
    %pushi/vec4 0, 0, 1;
    %store/vec4 v0x58c51bd507a0_0, 0, 1;
    %pushi/vec4 0, 0, 1;
    %store/vec4 v0x58c51bd506d0_0, 0, 1;
    %pushi/vec4 0, 0, 1;
    %store/vec4 v0x58c51bd507a0_0, 0, 1;
    %pushi/vec4 0, 0, 16;
    %store/vec4 v0x58c51bd50460_0, 0, 16;
    %pushi/vec4 0, 0, 4;
    %store/vec4 v0x58c51bd4ff80_0, 0, 4;
    %pushi/vec4 0, 0, 1;
    %store/vec4 v0x58c51bd50050_0, 0, 1;
    %pushi/vec4 0, 0, 1;
    %store/vec4 v0x58c51bd50870_0, 0, 1;
    %pushi/vec4 0, 0, 32;
    %store/vec4 v0x58c51bd502c0_0, 0, 32;
    %pushi/vec4 0, 0, 1;
    %store/vec4 v0x58c51bd50390_0, 0, 1;
    %delay 10, 0;
    %pushi/vec4 1, 0, 1;
    %store/vec4 v0x58c51bd506d0_0, 0, 1;
    %pushi/vec4 1, 0, 1;
    %store/vec4 v0x58c51bd507a0_0, 0, 1;
    %pushi/vec4 6460, 0, 16;
    %store/vec4 v0x58c51bd50460_0, 0, 16;
    %delay 10, 0;
    %pushi/vec4 1, 0, 1;
    %store/vec4 v0x58c51bd50050_0, 0, 1;
    %pushi/vec4 6, 0, 4;
    %store/vec4 v0x58c51bd4ff80_0, 0, 4;
    %delay 10, 0;
    %pushi/vec4 0, 0, 1;
    %store/vec4 v0x58c51bd50050_0, 0, 1;
    %delay 5, 0;
    %pushi/vec4 1, 0, 1;
    %store/vec4 v0x58c51bd50050_0, 0, 1;
    %pushi/vec4 5, 0, 4;
    %store/vec4 v0x58c51bd4ff80_0, 0, 4;
    %delay 10, 0;
    %pushi/vec4 0, 0, 1;
    %store/vec4 v0x58c51bd50050_0, 0, 1;
    %delay 5, 0;
    %pushi/vec4 1, 0, 1;
    %store/vec4 v0x58c51bd50050_0, 0, 1;
    %pushi/vec4 3, 0, 4;
    %store/vec4 v0x58c51bd4ff80_0, 0, 4;
    %delay 10, 0;
    %pushi/vec4 0, 0, 1;
    %store/vec4 v0x58c51bd50050_0, 0, 1;
    %delay 5, 0;
    %pushi/vec4 1, 0, 1;
    %store/vec4 v0x58c51bd50050_0, 0, 1;
    %pushi/vec4 3, 0, 4;
    %store/vec4 v0x58c51bd4ff80_0, 0, 4;
    %delay 10, 0;
    %pushi/vec4 0, 0, 1;
    %store/vec4 v0x58c51bd50050_0, 0, 1;
    %delay 5, 0;
    %pushi/vec4 1, 0, 1;
    %store/vec4 v0x58c51bd50050_0, 0, 1;
    %pushi/vec4 1, 0, 4;
    %store/vec4 v0x58c51bd4ff80_0, 0, 4;
    %delay 10, 0;
    %pushi/vec4 0, 0, 1;
    %store/vec4 v0x58c51bd50050_0, 0, 1;
    %delay 5, 0;
    %pushi/vec4 1, 0, 1;
    %store/vec4 v0x58c51bd50050_0, 0, 1;
    %pushi/vec4 2, 0, 4;
    %store/vec4 v0x58c51bd4ff80_0, 0, 4;
    %delay 10, 0;
    %pushi/vec4 0, 0, 1;
    %store/vec4 v0x58c51bd50050_0, 0, 1;
    %delay 5, 0;
    %pushi/vec4 1, 0, 1;
    %store/vec4 v0x58c51bd50050_0, 0, 1;
    %pushi/vec4 3, 0, 4;
    %store/vec4 v0x58c51bd4ff80_0, 0, 4;
    %delay 10, 0;
    %pushi/vec4 0, 0, 1;
    %store/vec4 v0x58c51bd50050_0, 0, 1;
    %delay 5, 0;
    %pushi/vec4 1, 0, 1;
    %store/vec4 v0x58c51bd50050_0, 0, 1;
    %pushi/vec4 3, 0, 4;
    %store/vec4 v0x58c51bd4ff80_0, 0, 4;
    %delay 10, 0;
    %pushi/vec4 0, 0, 1;
    %store/vec4 v0x58c51bd50050_0, 0, 1;
    %delay 5, 0;
    %pushi/vec4 1, 0, 1;
    %store/vec4 v0x58c51bd50050_0, 0, 1;
    %pushi/vec4 3, 0, 4;
    %store/vec4 v0x58c51bd4ff80_0, 0, 4;
    %delay 10, 0;
    %pushi/vec4 0, 0, 1;
    %store/vec4 v0x58c51bd50050_0, 0, 1;
    %delay 5, 0;
    %pushi/vec4 1, 0, 1;
    %store/vec4 v0x58c51bd50050_0, 0, 1;
    %pushi/vec4 0, 0, 4;
    %store/vec4 v0x58c51bd4ff80_0, 0, 4;
    %delay 10, 0;
    %pushi/vec4 0, 0, 1;
    %store/vec4 v0x58c51bd50050_0, 0, 1;
    %delay 5, 0;
    %pushi/vec4 1, 0, 1;
    %store/vec4 v0x58c51bd50050_0, 0, 1;
    %pushi/vec4 4, 0, 4;
    %store/vec4 v0x58c51bd4ff80_0, 0, 4;
    %delay 10, 0;
    %pushi/vec4 0, 0, 1;
    %store/vec4 v0x58c51bd50050_0, 0, 1;
    %delay 5, 0;
    %pushi/vec4 1, 0, 1;
    %store/vec4 v0x58c51bd50050_0, 0, 1;
    %pushi/vec4 9, 0, 4;
    %store/vec4 v0x58c51bd4ff80_0, 0, 4;
    %delay 10, 0;
    %pushi/vec4 0, 0, 1;
    %store/vec4 v0x58c51bd50050_0, 0, 1;
    %delay 5, 0;
    %pushi/vec4 1, 0, 1;
    %store/vec4 v0x58c51bd50600_0, 0, 1;
    %pushi/vec4 0, 0, 1;
    %store/vec4 v0x58c51bd507a0_0, 0, 1;
    %pushi/vec4 0, 0, 1;
    %store/vec4 v0x58c51bd506d0_0, 0, 1;
    %pushi/vec4 0, 0, 1;
    %store/vec4 v0x58c51bd507a0_0, 0, 1;
    %pushi/vec4 0, 0, 16;
    %store/vec4 v0x58c51bd50460_0, 0, 16;
    %pushi/vec4 0, 0, 4;
    %store/vec4 v0x58c51bd4ff80_0, 0, 4;
    %pushi/vec4 0, 0, 1;
    %store/vec4 v0x58c51bd50050_0, 0, 1;
    %pushi/vec4 0, 0, 1;
    %store/vec4 v0x58c51bd50870_0, 0, 1;
    %pushi/vec4 0, 0, 32;
    %store/vec4 v0x58c51bd502c0_0, 0, 32;
    %pushi/vec4 0, 0, 1;
    %store/vec4 v0x58c51bd50390_0, 0, 1;
    %delay 10, 0;
    %pushi/vec4 0, 0, 1;
    %store/vec4 v0x58c51bd50600_0, 0, 1;
    %delay 10, 0;
    %pushi/vec4 1, 0, 1;
    %store/vec4 v0x58c51bd506d0_0, 0, 1;
    %pushi/vec4 0, 0, 1;
    %store/vec4 v0x58c51bd507a0_0, 0, 1;
    %pushi/vec4 23166, 0, 16;
    %store/vec4 v0x58c51bd50460_0, 0, 16;
    %delay 10, 0;
    %pushi/vec4 1, 0, 1;
    %store/vec4 v0x58c51bd50050_0, 0, 1;
    %pushi/vec4 6, 0, 4;
    %store/vec4 v0x58c51bd4ff80_0, 0, 4;
    %delay 10, 0;
    %pushi/vec4 0, 0, 1;
    %store/vec4 v0x58c51bd50050_0, 0, 1;
    %delay 5, 0;
    %pushi/vec4 1, 0, 1;
    %store/vec4 v0x58c51bd50050_0, 0, 1;
    %pushi/vec4 5, 0, 4;
    %store/vec4 v0x58c51bd4ff80_0, 0, 4;
    %delay 10, 0;
    %pushi/vec4 0, 0, 1;
    %store/vec4 v0x58c51bd50050_0, 0, 1;
    %delay 5, 0;
    %pushi/vec4 1, 0, 1;
    %store/vec4 v0x58c51bd50050_0, 0, 1;
    %pushi/vec4 3, 0, 4;
    %store/vec4 v0x58c51bd4ff80_0, 0, 4;
    %delay 10, 0;
    %pushi/vec4 0, 0, 1;
    %store/vec4 v0x58c51bd50050_0, 0, 1;
    %delay 5, 0;
    %pushi/vec4 1, 0, 1;
    %store/vec4 v0x58c51bd50050_0, 0, 1;
    %pushi/vec4 3, 0, 4;
    %store/vec4 v0x58c51bd4ff80_0, 0, 4;
    %delay 10, 0;
    %pushi/vec4 0, 0, 1;
    %store/vec4 v0x58c51bd50050_0, 0, 1;
    %delay 5, 0;
    %pushi/vec4 1, 0, 1;
    %store/vec4 v0x58c51bd50050_0, 0, 1;
    %pushi/vec4 1, 0, 4;
    %store/vec4 v0x58c51bd4ff80_0, 0, 4;
    %delay 10, 0;
    %pushi/vec4 0, 0, 1;
    %store/vec4 v0x58c51bd50050_0, 0, 1;
    %delay 5, 0;
    %pushi/vec4 1, 0, 1;
    %store/vec4 v0x58c51bd50050_0, 0, 1;
    %pushi/vec4 2, 0, 4;
    %store/vec4 v0x58c51bd4ff80_0, 0, 4;
    %delay 10, 0;
    %pushi/vec4 0, 0, 1;
    %store/vec4 v0x58c51bd50050_0, 0, 1;
    %delay 5, 0;
    %pushi/vec4 1, 0, 1;
    %store/vec4 v0x58c51bd50050_0, 0, 1;
    %pushi/vec4 3, 0, 4;
    %store/vec4 v0x58c51bd4ff80_0, 0, 4;
    %delay 10, 0;
    %pushi/vec4 0, 0, 1;
    %store/vec4 v0x58c51bd50050_0, 0, 1;
    %delay 5, 0;
    %pushi/vec4 1, 0, 1;
    %store/vec4 v0x58c51bd50050_0, 0, 1;
    %pushi/vec4 3, 0, 4;
    %store/vec4 v0x58c51bd4ff80_0, 0, 4;
    %delay 10, 0;
    %pushi/vec4 0, 0, 1;
    %store/vec4 v0x58c51bd50050_0, 0, 1;
    %delay 5, 0;
    %pushi/vec4 1, 0, 1;
    %store/vec4 v0x58c51bd50050_0, 0, 1;
    %pushi/vec4 2, 0, 4;
    %store/vec4 v0x58c51bd4ff80_0, 0, 4;
    %delay 10, 0;
    %pushi/vec4 0, 0, 1;
    %store/vec4 v0x58c51bd50050_0, 0, 1;
    %delay 5, 0;
    %pushi/vec4 1, 0, 1;
    %store/vec4 v0x58c51bd50050_0, 0, 1;
    %pushi/vec4 2, 0, 4;
    %store/vec4 v0x58c51bd4ff80_0, 0, 4;
    %delay 10, 0;
    %pushi/vec4 0, 0, 1;
    %store/vec4 v0x58c51bd50050_0, 0, 1;
    %delay 5, 0;
    %pushi/vec4 1, 0, 1;
    %store/vec4 v0x58c51bd50050_0, 0, 1;
    %pushi/vec4 2, 0, 4;
    %store/vec4 v0x58c51bd4ff80_0, 0, 4;
    %delay 10, 0;
    %pushi/vec4 0, 0, 1;
    %store/vec4 v0x58c51bd50050_0, 0, 1;
    %delay 5, 0;
    %pushi/vec4 1, 0, 1;
    %store/vec4 v0x58c51bd50050_0, 0, 1;
    %pushi/vec4 2, 0, 4;
    %store/vec4 v0x58c51bd4ff80_0, 0, 4;
    %delay 10, 0;
    %pushi/vec4 0, 0, 1;
    %store/vec4 v0x58c51bd50050_0, 0, 1;
    %pushi/vec4 0, 0, 1;
    %store/vec4 v0x58c51bd50870_0, 0, 1;
    %pushi/vec4 1, 0, 1;
    %store/vec4 v0x58c51bd50390_0, 0, 1;
    %pushi/vec4 20000, 0, 32;
    %store/vec4 v0x58c51bd502c0_0, 0, 32;
    %delay 10, 0;
    %pushi/vec4 0, 0, 1;
    %store/vec4 v0x58c51bd50390_0, 0, 1;
    %delay 10, 0;
    %pushi/vec4 1, 0, 1;
    %store/vec4 v0x58c51bd50600_0, 0, 1;
    %pushi/vec4 0, 0, 1;
    %store/vec4 v0x58c51bd507a0_0, 0, 1;
    %pushi/vec4 0, 0, 1;
    %store/vec4 v0x58c51bd506d0_0, 0, 1;
    %pushi/vec4 0, 0, 1;
    %store/vec4 v0x58c51bd507a0_0, 0, 1;
    %pushi/vec4 0, 0, 16;
    %store/vec4 v0x58c51bd50460_0, 0, 16;
    %pushi/vec4 0, 0, 4;
    %store/vec4 v0x58c51bd4ff80_0, 0, 4;
    %pushi/vec4 0, 0, 1;
    %store/vec4 v0x58c51bd50050_0, 0, 1;
    %pushi/vec4 0, 0, 1;
    %store/vec4 v0x58c51bd50870_0, 0, 1;
    %pushi/vec4 0, 0, 32;
    %store/vec4 v0x58c51bd502c0_0, 0, 32;
    %pushi/vec4 0, 0, 1;
    %store/vec4 v0x58c51bd50390_0, 0, 1;
    %delay 10, 0;
    %pushi/vec4 0, 0, 1;
    %store/vec4 v0x58c51bd50600_0, 0, 1;
    %pushi/vec4 1, 0, 1;
    %store/vec4 v0x58c51bd506d0_0, 0, 1;
    %pushi/vec4 0, 0, 1;
    %store/vec4 v0x58c51bd507a0_0, 0, 1;
    %pushi/vec4 22291, 0, 16;
    %store/vec4 v0x58c51bd50460_0, 0, 16;
    %pushi/vec4 1, 0, 1;
    %store/vec4 v0x58c51bd50050_0, 0, 1;
    %pushi/vec4 1, 0, 4;
    %store/vec4 v0x58c51bd4ff80_0, 0, 4;
    %delay 10, 0;
    %pushi/vec4 0, 0, 1;
    %store/vec4 v0x58c51bd50050_0, 0, 1;
    %delay 5, 0;
    %pushi/vec4 1, 0, 1;
    %store/vec4 v0x58c51bd50050_0, 0, 1;
    %pushi/vec4 1, 0, 4;
    %store/vec4 v0x58c51bd4ff80_0, 0, 4;
    %delay 10, 0;
    %pushi/vec4 0, 0, 1;
    %store/vec4 v0x58c51bd50050_0, 0, 1;
    %delay 5, 0;
    %pushi/vec4 1, 0, 1;
    %store/vec4 v0x58c51bd50050_0, 0, 1;
    %pushi/vec4 2, 0, 4;
    %store/vec4 v0x58c51bd4ff80_0, 0, 4;
    %delay 10, 0;
    %pushi/vec4 0, 0, 1;
    %store/vec4 v0x58c51bd50050_0, 0, 1;
    %delay 5, 0;
    %pushi/vec4 1, 0, 1;
    %store/vec4 v0x58c51bd50050_0, 0, 1;
    %pushi/vec4 3, 0, 4;
    %store/vec4 v0x58c51bd4ff80_0, 0, 4;
    %delay 10, 0;
    %pushi/vec4 0, 0, 1;
    %store/vec4 v0x58c51bd50050_0, 0, 1;
    %pushi/vec4 1, 0, 1;
    %store/vec4 v0x58c51bd50870_0, 0, 1;
    %pushi/vec4 1, 0, 1;
    %store/vec4 v0x58c51bd50390_0, 0, 1;
    %pushi/vec4 60000, 0, 32;
    %store/vec4 v0x58c51bd502c0_0, 0, 32;
    %delay 10, 0;
    %pushi/vec4 0, 0, 1;
    %store/vec4 v0x58c51bd50390_0, 0, 1;
    %delay 10, 0;
    %pushi/vec4 1, 0, 1;
    %store/vec4 v0x58c51bd50600_0, 0, 1;
    %pushi/vec4 0, 0, 1;
    %store/vec4 v0x58c51bd507a0_0, 0, 1;
    %pushi/vec4 0, 0, 1;
    %store/vec4 v0x58c51bd506d0_0, 0, 1;
    %pushi/vec4 0, 0, 1;
    %store/vec4 v0x58c51bd507a0_0, 0, 1;
    %pushi/vec4 0, 0, 16;
    %store/vec4 v0x58c51bd50460_0, 0, 16;
    %pushi/vec4 0, 0, 4;
    %store/vec4 v0x58c51bd4ff80_0, 0, 4;
    %pushi/vec4 0, 0, 1;
    %store/vec4 v0x58c51bd50050_0, 0, 1;
    %pushi/vec4 0, 0, 1;
    %store/vec4 v0x58c51bd50870_0, 0, 1;
    %pushi/vec4 0, 0, 32;
    %store/vec4 v0x58c51bd502c0_0, 0, 32;
    %pushi/vec4 0, 0, 1;
    %store/vec4 v0x58c51bd50390_0, 0, 1;
    %delay 10, 0;
    %pushi/vec4 0, 0, 1;
    %store/vec4 v0x58c51bd50600_0, 0, 1;
    %pushi/vec4 1, 0, 1;
    %store/vec4 v0x58c51bd506d0_0, 0, 1;
    %pushi/vec4 1, 0, 1;
    %store/vec4 v0x58c51bd507a0_0, 0, 1;
    %pushi/vec4 22291, 0, 16;
    %store/vec4 v0x58c51bd50460_0, 0, 16;
    %delay 10, 0;
    %pushi/vec4 1, 0, 1;
    %store/vec4 v0x58c51bd50050_0, 0, 1;
    %pushi/vec4 1, 0, 4;
    %store/vec4 v0x58c51bd4ff80_0, 0, 4;
    %delay 10, 0;
    %pushi/vec4 0, 0, 1;
    %store/vec4 v0x58c51bd50050_0, 0, 1;
    %delay 5, 0;
    %pushi/vec4 1, 0, 1;
    %store/vec4 v0x58c51bd50050_0, 0, 1;
    %pushi/vec4 1, 0, 4;
    %store/vec4 v0x58c51bd4ff80_0, 0, 4;
    %delay 10, 0;
    %pushi/vec4 0, 0, 1;
    %store/vec4 v0x58c51bd50050_0, 0, 1;
    %delay 5, 0;
    %pushi/vec4 1, 0, 1;
    %store/vec4 v0x58c51bd50050_0, 0, 1;
    %pushi/vec4 2, 0, 4;
    %store/vec4 v0x58c51bd4ff80_0, 0, 4;
    %delay 10, 0;
    %pushi/vec4 0, 0, 1;
    %store/vec4 v0x58c51bd50050_0, 0, 1;
    %delay 5, 0;
    %pushi/vec4 1, 0, 1;
    %store/vec4 v0x58c51bd50050_0, 0, 1;
    %pushi/vec4 3, 0, 4;
    %store/vec4 v0x58c51bd4ff80_0, 0, 4;
    %delay 10, 0;
    %pushi/vec4 0, 0, 1;
    %store/vec4 v0x58c51bd50050_0, 0, 1;
    %pushi/vec4 1, 0, 1;
    %store/vec4 v0x58c51bd50870_0, 0, 1;
    %pushi/vec4 1, 0, 1;
    %store/vec4 v0x58c51bd50390_0, 0, 1;
    %pushi/vec4 20000, 0, 32;
    %store/vec4 v0x58c51bd502c0_0, 0, 32;
    %delay 10, 0;
    %pushi/vec4 0, 0, 1;
    %store/vec4 v0x58c51bd50390_0, 0, 1;
    %delay 10, 0;
    %pushi/vec4 1, 0, 1;
    %store/vec4 v0x58c51bd50600_0, 0, 1;
    %pushi/vec4 0, 0, 1;
    %store/vec4 v0x58c51bd507a0_0, 0, 1;
    %pushi/vec4 0, 0, 1;
    %store/vec4 v0x58c51bd506d0_0, 0, 1;
    %pushi/vec4 0, 0, 1;
    %store/vec4 v0x58c51bd507a0_0, 0, 1;
    %pushi/vec4 0, 0, 16;
    %store/vec4 v0x58c51bd50460_0, 0, 16;
    %pushi/vec4 0, 0, 4;
    %store/vec4 v0x58c51bd4ff80_0, 0, 4;
    %pushi/vec4 0, 0, 1;
    %store/vec4 v0x58c51bd50050_0, 0, 1;
    %pushi/vec4 0, 0, 1;
    %store/vec4 v0x58c51bd50870_0, 0, 1;
    %pushi/vec4 0, 0, 32;
    %store/vec4 v0x58c51bd502c0_0, 0, 32;
    %pushi/vec4 0, 0, 1;
    %store/vec4 v0x58c51bd50390_0, 0, 1;
    %vpi_call 4 313 "$finish" {0 0 0};
    %end;
    .thread T_5;
    .scope S_0x58c51bd1eb00;
T_6 ;
    %vpi_call 2 55 "$dumpfile", "gtk_controlador.vcd" {0 0 0};
    %vpi_call 2 56 "$dumpvars" {0 0 0};
    %end;
    .thread T_6;
# The file index is used to find the file name in the following table.
:file_names 5;
    "N/A";
    "<interactive>";
    "testbench.v";
    "./controlador.v";
    "./tester.v";
